start
A 1 U
0 30
0 30
11111111
12222221
12AAAA21
12BBBB21
12AAAA21
12BBBB21
12222221
11111111
********* 0 ***********
B 2 U
2 29.6
0 30
11111111
1222A221
12-AAA21
12BBBB21
12AAAA21
12BBBB21
12222221
11111111

********* 0 ***********
A 3 U
2 29.6
2 29.38
11111111
1B22A221
12-AAA21
12-BBB21
12AAAA21
12BBBB21
12222221
11111111

********* 0 ***********
B 4 U
4 29.03
2 29.38
11111111
1B22-221
12-AAAA1
12-BBB21
12AAAA21
12BBBB21
12222221
11111111

********* 0 ***********
A 5 U
4 29.03
4 28.69
11111111
1BB2-221
12-AAAA1
12--BB21
12AAAA21
12BBBB21
12222221
11111111

********* 0 ***********
B 6 U
6 28.43
4 28.69
11111111
1BB2-A21
12--AAA1
12--BB21
12AAAA21
12BBBB21
12222221
11111111

********* 0 ***********
A 7 U
6 28.43
6 27.89
11111111
1B-2-A21
12--AAA1
1B--BB21
12AAAA21
12BBBB21
12222221
11111111

********* 0 ***********
B 8 U
8 27.68
6 27.89
11111111
1B-2--21
12--AAA1
1B--BBA1
12AAAA21
12BBBB21
12222221
11111111

********* 0 ***********
A 9 U
8 27.68
8 27.02
11111111
1B-B--21
12--AAA1
1B---BA1
12AAAA21
12BBBB21
12222221
11111111

********* 0 ***********
B 10 U
10 26.86
8 27.02
11111111
1B-B--A1
12---AA1
1B---BA1
12AAAA21
12BBBB21
12222221
11111111

********* 0 ***********
A 11 U
10 26.86
10 26.05
11111111
1B----A1
1B---AA1
1B---BA1
12AAAA21
12BBBB21
12222221
11111111

********* 0 ***********
B 12 U
12 25.07
10 26.05
11111111
1B----A1
1B----A1
1B---BA1
12AAAAA1
12BBBB21
12222221
11111111

********* 0 ***********
A 13 U
12 25.07
12 23.97
11111111
1B----A1
1B----A1
1B----A1
12AAAAA1
12BBBBB1
12222221
11111111

********* 0 ***********
B 14 U
14 23.02
12 23.97
11111111
1B----A1
1B----A1
1B----A1
12-AAAA1
12BBBBB1
122A2221
11111111

********* 0 ***********
A 15 U
14 23.02
14 22.43
11111111
1B----A1
1B----A1
1B----A1
12-AAAA1
12-BBBB1
122AB221
11111111

********* 0 ***********
B 16 U
16 21.64
14 22.43
11111111
1B----A1
1B----A1
1B----A1
12--AAA1
12-BBBB1
12AAB221
11111111

********* 0 ***********
A 17 U
16 21.64
15 20.16
11111111
1-----A1
1B----A1
BB----A1
12--AAA1
12-BBBB1
12AAB221
11111111

********* 0 ***********
B 18 U
18 20.44
15 20.16
11111111
1-----A1
1B----A1
BB----A1
12--AAA1
1A-BBBB1
12A-B221
11111111

********* 0 ***********
A 19 U
18 20.44
17 18.94
11111111
1-----A1
1B----A1
BB----A1
12--AAA1
1A--BBB1
12A-BB21
11111111

********* 0 ***********
B 20 U
19 18.89
17 18.94
11111111
1-----A1
1B----A1
BB----A1
12--AA-1
1A--ABB1
12A-BB21
11111111

********* 0 ***********
A 21 U
19 18.89
18 17.71
B1111111
1-----A1
1-----A1
BB----A1
12--AA-1
1A--ABB1
12A-BB21
11111111

********* 0 ***********
B 22 U
21 17.08
18 17.71
B1111111
1-----A1
1-----A1
BB----A1
12--A--1
1A--ABB1
12A-BBA1
11111111

********* 0 ***********
A 23 U
21 17.08
18 16
-1111111
1-----A1
1B----A1
BB----A1
12--A--1
1A--ABB1
12A-BBA1
11111111

********* 0 ***********
B 24 U
22 15.94
18 16
-1111111
1------1
1B----A1
BB----AA
12--A--1
1A--ABB1
12A-BBA1
11111111

********* 0 ***********
A 25 U
22 15.94
19 15.45
-1111111
1------1
1-----A1
BB----AA
B2--A--1
1A--ABB1
12A-BBA1
11111111

********* 0 ***********
B 26 U
23 15.39
19 15.45
-1111A11
1------1
1------1
BB----AA
B2--A--1
1A--ABB1
12A-BBA1
11111111

********* 0 ***********
A 27 U
23 15.39
20 14.69
-1111A11
1------1
1------1
-B----AA
B2--A--1
1B--ABB1
12A-BBA1
11111111

********* 0 ***********
B 28 U
24 15.22
20 14.69
-1111-11
1------A
1------1
-B----AA
B2--A--1
1B--ABB1
12A-BBA1
11111111

********* 0 ***********
A 29 U
24 15.22
21 13.97
-1111-11
B------A
1------1
------AA
B2--A--1
1B--ABB1
12A-BBA1
11111111

********* 0 ***********
B 30 U
25 14.96
21 13.97
-1111-11
B------A
1------1
-------A
B2--A--1
1B--ABBA
12A-BBA1
11111111

********* 0 ***********
A 31 U
25 14.96
22 13.26
-1B11-11
-------A
1------1
-------A
B2--A--1
1B--ABBA
12A-BBA1
11111111

********* 0 ***********
B 32 U
26 14.53
22 13.26
-1B11-11
-------A
1------1
--------
B2--A--1
1B--ABAA
12A-BBA1
11111111

********* 0 ***********
A 33 U
26 14.53
24 12.34
-1B11-11
-------A
1------1
--------
-2--A--1
1B--ABAA
1BA-BBA1
11111111

********* 0 ***********
B 34 U
27 13.99
24 12.34
-1B11-11
-------A
1------1
--------
-2-----1
1B--ABAA
1BA-BAA1
11111111

********* 0 ***********
A 35 U
27 13.99
25 11.82
-1B11-11
-------A
1------1
--------
-2-----1
1---ABAA
1BA-BAA1
11B11111

********* 0 ***********
B 36 U
28 13.71
25 11.82
-1B11-11
-------A
1------1
--------
-2-----1
1----BAA
1BA-BAA1
11B11A11

********* 0 ***********
A 37 U
28 13.71
26 11.53
-1B11-11
-------A
1------1
--------
-2-----B
1-----AA
1BA-BAA1
11B11A11

********* 0 ***********
B 38 U
29 13.54
26 11.53
-1B11-11
-------A
1------1
--------
-2-----B
1------A
1BA-BAA1
11B11A1A

********* 0 ***********
A 39 U
29 13.54
27 11.4
-1B11-11
-------A
1------1
--------
-2------
1------A
1BA-BAB1
11B11A1A

********* 0 ***********
B 40 U
30 13.46
27 11.4
-1B11-11
-------A
1------1
--------
-2------
1-------
1BA-BAB1
11B11AAA

********* 0 ***********
A 41 U
30 13.46
28 11.31
-1B11-11
-------A
1------1
--------
-2------
1-------
1-A-BAB1
11BB1AAA

********* 0 ***********
B 42 U
32 13.4
28 11.31
-1B11-11
-------A
1------1
--------
-A------
1-------
1---BAB1
11BB1AAA

********* 0 ***********
A 43 U
32 13.4
29 11.26
-1B11-11
-------A
1------1
--------
-A------
1-------
1----AB1
11BB1ABA

********* 0 ***********
B 44 U
33 13.37
29 11.26
-1B11-11
-------A
A------1
--------
--------
1-------
1----AB1
11BB1ABA

********* 0 ***********
A 45 U
33 13.37
30 11.21
-1B11-11
-------A
A------1
--------
--------
1-------
1----BB1
11B-1ABA

********* 0 ***********
B 46 U
34 13.32
30 11.21
-1B11-11
-------A
A------1
--------
--------
1-------
1----AB1
11B-1AB-

********* 0 ***********
A 47 U
34 13.32
30 11.18
-1-11-11
----B--A
A------1
--------
--------
1-------
1----AB1
11B-1AB-

********* 0 ***********
B 48 U
34 13.32
30 11.18
-1-11-11
----B---
A------1
------A-
--------
1-------
1----AB1
11B-1AB-

********* 0 ***********
A 49 U
34 13.32
31 11.17
-1-11-B1
--------
A------1
------A-
--------
1-------
1----AB1
11B-1AB-

********* 0 ***********
B 50 U
35 13.31
31 11.17
-A-11-B1
--------
-------1
------A-
--------
1-------
1----AB1
11B-1AB-

********* 0 ***********
A 51 U
35 13.31
32 11.15
-A-11--1
--------
-------B
------A-
--------
1-------
1----AB1
11B-1AB-

********* 0 ***********
B 52 U
35 13.3
32 11.15
---11--1
---A----
-------B
------A-
--------
1-------
1----AB1
11B-1AB-

********* 0 ***********
A 53 U
35 13.3
32 11.15
---11-B1
---A----
--------
------A-
--------
1-------
1----AB1
11B-1AB-

********* 0 ***********
B 54 U
35 13.29
32 11.15
---11AB1
--------
--------
------A-
--------
1-------
1----AB1
11B-1AB-

********* 0 ***********
A 55 U
35 13.29
32 11.11
---11A-1
--------
-------B
------A-
--------
1-------
1----AB1
11B-1AB-

********* 0 ***********
B 56 A
38 13.28
32 11.11
---11A-1
-----A--
-------B
--------
--------
1-------
1----AB1
11B-1AB-

********* 0 ***********
B 56 A
38 13.28
32 11.11
---11A-1
-----A--
-------B
--------
--------
1-------
1----AB1
11B-1AB-

********* 0 ***********
B 56 A
38 13.28
32 11.11
---11A-1
-----A--
-------B
--------
--------
1-------
1----AB1
11B-1AB-

********* 0 ***********
B 56 A
38 13.28
32 11.11
---11A-1
-----A--
-------B
--------
--------
1-------
1----AB1
11B-1AB-

********* 0 ***********
B 56 A
38 13.28
32 11.11
---11A-1
-----A--
-------B
--------
--------
1-------
1----AB1
11B-1AB-

********* 0 ***********
B 56 A
38 13.28
32 11.11
---11A-1
-----A--
-------B
--------
--------
1-------
1----AB1
11B-1AB-

********* 0 ***********
B 56 A
38 13.28
32 11.11
---11A-1
-----A--
-------B
--------
--------
1-------
1----AB1
11B-1AB-

********* 0 ***********
B 56 A
38 13.28
32 11.11
---11A-1
-----A--
-------B
--------
--------
1-------
1----AB1
11B-1AB-

********* 0 ***********
B 56 A
38 13.28
32 11.11
---11A-1
-----A--
-------B
--------
--------
1-------
1----AB1
11B-1AB-

********* 0 ***********
B 56 A
38 13.28
32 11.11
---11A-1
-----A--
-------B
--------
--------
1-------
1----AB1
11B-1AB-

********* 0 ***********
B 56 A
38 13.28
32 11.11
---11A-1
-----A--
-------B
--------
--------
1-------
1----AB1
11B-1AB-

********* 0 ***********
B 56 A
38 13.28
32 11.11
---11A-1
-----A--
-------B
--------
--------
1-------
1----AB1
11B-1AB-

********* 0 ***********
B 56 A
38 13.28
32 11.11
---11A-1
-----A--
-------B
--------
--------
1-------
1----AB1
11B-1AB-

********* 0 ***********
B 56 A
38 13.28
32 11.11
---11A-1
-----A--
-------B
--------
--------
1-------
1----AB1
11B-1AB-

********* 0 ***********
B 56 A
38 13.28
32 11.11
---11A-1
-----A--
-------B
--------
--------
1-------
1----AB1
11B-1AB-

********* 0 ***********
B 56 A
38 13.28
32 11.11
---11A-1
-----A--
-------B
--------
--------
1-------
1----AB1
11B-1AB-

********* 0 ***********
B 56 A
38 13.28
32 11.11
---11A-1
-----A--
-------B
--------
--------
1-------
1----AB1
11B-1AB-

********* 0 ***********
B 56 A
38 13.28
32 11.11
---11A-1
-----A--
-------B
--------
--------
1-------
1----AB1
11B-1AB-

********* 0 ***********
B 56 A
38 13.28
32 11.11
---11A-1
-----A--
-------B
--------
--------
1-------
1----AB1
11B-1AB-

********* 0 ***********
B 56 A
38 13.28
32 11.11
---11A-1
-----A--
-------B
--------
--------
1-------
1----AB1
11B-1AB-

********* 0 ***********
B 56 A
38 13.28
32 11.11
---11A-1
-----A--
-------B
--------
--------
1-------
1----AB1
11B-1AB-

********* 0 ***********
B 56 A
38 13.28
32 11.11
---11A-1
-----A--
-------B
--------
--------
1-------
1----AB1
11B-1AB-

********* 0 ***********
B 56 A
38 13.28
32 11.11
---11A-1
-----A--
-------B
--------
--------
1-------
1----AB1
11B-1AB-

********* 0 ***********
B 56 A
38 13.28
32 11.11
---11A-1
-----A--
-------B
--------
--------
1-------
1----AB1
11B-1AB-

********* 0 ***********
B 56 A
38 13.28
32 11.11
---11A-1
-----A--
-------B
--------
--------
1-------
1----AB1
11B-1AB-

********* 0 ***********
B 56 A
38 13.28
32 11.11
---11A-1
-----A--
-------B
--------
--------
1-------
1----AB1
11B-1AB-

********* 0 ***********
B 56 A
38 13.28
32 11.11
---11A-1
-----A--
-------B
--------
--------
1-------
1----AB1
11B-1AB-

********* 0 ***********
B 56 A
38 13.28
32 11.11
---11A-1
-----A--
-------B
--------
--------
1-------
1----AB1
11B-1AB-

********* 0 ***********
B 56 A
38 13.28
32 11.11
---11A-1
-----A--
-------B
--------
--------
1-------
1----AB1
11B-1AB-

********* 0 ***********
B 56 A
38 13.28
32 11.11
---11A-1
-----A--
-------B
--------
--------
1-------
1----AB1
11B-1AB-

********* 0 ***********
B 56 A
38 13.28
32 11.11
---11A-1
-----A--
-------B
--------
--------
1-------
1----AB1
11B-1AB-

********* 0 ***********
B 56 A
38 13.28
32 11.11
---11A-1
-----A--
-------B
--------
--------
1-------
1----AB1
11B-1AB-

********* 0 ***********
B 56 A
38 13.28
32 11.11
---11A-1
-----A--
-------B
--------
--------
1-------
1----AB1
11B-1AB-

********* 0 ***********
B 56 A
38 13.28
32 11.11
---11A-1
-----A--
-------B
--------
--------
1-------
1----AB1
11B-1AB-

********* 0 ***********
B 56 A
38 13.28
32 11.11
---11A-1
-----A--
-------B
--------
--------
1-------
1----AB1
11B-1AB-

********* 0 ***********
B 56 A
38 13.28
32 11.11
---11A-1
-----A--
-------B
--------
--------
1-------
1----AB1
11B-1AB-

********* 0 ***********
B 56 A
38 13.28
32 11.11
---11A-1
-----A--
-------B
--------
--------
1-------
1----AB1
11B-1AB-

********* 0 ***********
B 56 A
38 13.28
32 11.11
---11A-1
-----A--
-------B
--------
--------
1-------
1----AB1
11B-1AB-

********* 0 ***********
B 56 A
38 13.28
32 11.11
---11A-1
-----A--
-------B
--------
--------
1-------
1----AB1
11B-1AB-

********* 0 ***********
B 56 A
38 13.28
32 11.11
---11A-1
-----A--
-------B
--------
--------
1-------
1----AB1
11B-1AB-

********* 0 ***********
B 56 A
38 13.28
32 11.11
---11A-1
-----A--
-------B
--------
--------
1-------
1----AB1
11B-1AB-

********* 0 ***********
B 56 A
38 13.28
32 11.11
---11A-1
-----A--
-------B
--------
--------
1-------
1----AB1
11B-1AB-

********* 0 ***********
B 56 A
38 13.28
32 11.11
---11A-1
-----A--
-------B
--------
--------
1-------
1----AB1
11B-1AB-

********* 0 ***********
B 56 A
38 13.28
32 11.11
---11A-1
-----A--
-------B
--------
--------
1-------
1----AB1
11B-1AB-

********* 0 ***********
B 56 A
38 13.28
32 11.11
---11A-1
-----A--
-------B
--------
--------
1-------
1----AB1
11B-1AB-

********* 0 ***********
B 56 A
38 13.28
32 11.11
---11A-1
-----A--
-------B
--------
--------
1-------
1----AB1
11B-1AB-

********* 0 ***********
B 56 A
38 13.28
32 11.11
---11A-1
-----A--
-------B
--------
--------
1-------
1----AB1
11B-1AB-

********* 0 ***********
B 56 A
38 13.28
32 11.11
---11A-1
-----A--
-------B
--------
--------
1-------
1----AB1
11B-1AB-

********* 0 ***********
B 56 A
38 13.28
32 11.11
---11A-1
-----A--
-------B
--------
--------
1-------
1----AB1
11B-1AB-

********* 0 ***********
B 56 A
38 13.28
32 11.11
---11A-1
-----A--
-------B
--------
--------
1-------
1----AB1
11B-1AB-

********* 0 ***********
B 56 A
38 13.28
32 11.11
---11A-1
-----A--
-------B
--------
--------
1-------
1----AB1
11B-1AB-

********* 0 ***********
B 56 A
38 13.28
32 11.11
---11A-1
-----A--
-------B
--------
--------
1-------
1----AB1
11B-1AB-

********* 0 ***********
B 56 A
38 13.28
32 11.11
---11A-1
-----A--
-------B
--------
--------
1-------
1----AB1
11B-1AB-

********* 0 ***********
B 56 A
38 13.28
32 11.11
---11A-1
-----A--
-------B
--------
--------
1-------
1----AB1
11B-1AB-

********* 0 ***********
B 56 A
38 13.28
32 11.11
---11A-1
-----A--
-------B
--------
--------
1-------
1----AB1
11B-1AB-

********* 0 ***********
B 56 A
38 13.28
32 11.11
---11A-1
-----A--
-------B
--------
--------
1-------
1----AB1
11B-1AB-

********* 0 ***********
B 56 A
38 13.28
32 11.11
---11A-1
-----A--
-------B
--------
--------
1-------
1----AB1
11B-1AB-

********* 0 ***********
B 56 A
38 13.28
32 11.11
---11A-1
-----A--
-------B
--------
--------
1-------
1----AB1
11B-1AB-

********* 0 ***********
B 56 A
38 13.28
32 11.11
---11A-1
-----A--
-------B
--------
--------
1-------
1----AB1
11B-1AB-

********* 0 ***********
B 56 A
38 13.28
32 11.11
---11A-1
-----A--
-------B
--------
--------
1-------
1----AB1
11B-1AB-

********* 0 ***********
B 56 A
38 13.28
32 11.11
---11A-1
-----A--
-------B
--------
--------
1-------
1----AB1
11B-1AB-

********* 0 ***********
B 56 A
38 13.28
32 11.11
---11A-1
-----A--
-------B
--------
--------
1-------
1----AB1
11B-1AB-

********* 0 ***********
B 56 A
38 13.28
32 11.11
---11A-1
-----A--
-------B
--------
--------
1-------
1----AB1
11B-1AB-

********* 0 ***********
B 56 A
38 13.28
32 11.11
---11A-1
-----A--
-------B
--------
--------
1-------
1----AB1
11B-1AB-

********* 0 ***********
B 56 A
38 13.28
32 11.11
---11A-1
-----A--
-------B
--------
--------
1-------
1----AB1
11B-1AB-

********* 0 ***********
B 56 A
38 13.28
32 11.11
---11A-1
-----A--
-------B
--------
--------
1-------
1----AB1
11B-1AB-

********* 0 ***********
B 56 A
38 13.28
32 11.11
---11A-1
-----A--
-------B
--------
--------
1-------
1----AB1
11B-1AB-

********* 0 ***********
B 56 A
38 13.28
32 11.11
---11A-1
-----A--
-------B
--------
--------
1-------
1----AB1
11B-1AB-

********* 0 ***********
B 56 A
38 13.28
32 11.11
---11A-1
-----A--
-------B
--------
--------
1-------
1----AB1
11B-1AB-

********* 0 ***********
B 56 A
38 13.28
32 11.11
---11A-1
-----A--
-------B
--------
--------
1-------
1----AB1
11B-1AB-

********* 0 ***********
B 56 A
38 13.28
32 11.11
---11A-1
-----A--
-------B
--------
--------
1-------
1----AB1
11B-1AB-

********* 0 ***********
B 56 A
38 13.28
32 11.11
---11A-1
-----A--
-------B
--------
--------
1-------
1----AB1
11B-1AB-

********* 0 ***********
B 56 A
38 13.28
32 11.11
---11A-1
-----A--
-------B
--------
--------
1-------
1----AB1
11B-1AB-

********* 0 ***********
B 56 A
38 13.28
32 11.11
---11A-1
-----A--
-------B
--------
--------
1-------
1----AB1
11B-1AB-

********* 0 ***********
B 56 A
38 13.28
32 11.11
---11A-1
-----A--
-------B
--------
--------
1-------
1----AB1
11B-1AB-

********* 0 ***********
B 56 A
38 13.28
32 11.11
---11A-1
-----A--
-------B
--------
--------
1-------
1----AB1
11B-1AB-

********* 0 ***********
B 56 A
38 13.28
32 11.11
---11A-1
-----A--
-------B
--------
--------
1-------
1----AB1
11B-1AB-

********* 0 ***********
B 56 A
38 13.28
32 11.11
---11A-1
-----A--
-------B
--------
--------
1-------
1----AB1
11B-1AB-

********* 0 ***********
B 56 A
38 13.28
32 11.11
---11A-1
-----A--
-------B
--------
--------
1-------
1----AB1
11B-1AB-

********* 0 ***********
B 56 A
38 13.28
32 11.11
---11A-1
-----A--
-------B
--------
--------
1-------
1----AB1
11B-1AB-

********* 0 ***********
B 56 A
38 13.28
32 11.11
---11A-1
-----A--
-------B
--------
--------
1-------
1----AB1
11B-1AB-

********* 0 ***********
B 56 A
38 13.28
32 11.11
---11A-1
-----A--
-------B
--------
--------
1-------
1----AB1
11B-1AB-

********* 0 ***********
B 56 A
38 13.28
32 11.11
---11A-1
-----A--
-------B
--------
--------
1-------
1----AB1
11B-1AB-

********* 0 ***********
B 56 A
38 13.28
32 11.11
---11A-1
-----A--
-------B
--------
--------
1-------
1----AB1
11B-1AB-

********* 0 ***********
B 56 A
38 13.28
32 11.11
---11A-1
-----A--
-------B
--------
--------
1-------
1----AB1
11B-1AB-

********* 0 ***********
B 56 A
38 13.28
32 11.11
---11A-1
-----A--
-------B
--------
--------
1-------
1----AB1
11B-1AB-

********* 0 ***********
B 56 A
38 13.28
32 11.11
---11A-1
-----A--
-------B
--------
--------
1-------
1----AB1
11B-1AB-

********* 0 ***********
B 56 A
38 13.28
32 11.11
---11A-1
-----A--
-------B
--------
--------
1-------
1----AB1
11B-1AB-

********* 0 ***********
B 56 A
38 13.28
32 11.11
---11A-1
-----A--
-------B
--------
--------
1-------
1----AB1
11B-1AB-

********* 0 ***********
B 56 A
38 13.28
32 11.11
---11A-1
-----A--
-------B
--------
--------
1-------
1----AB1
11B-1AB-

********* 0 ***********
